<?xml version="1.0" encoding="UTF-8"?>
<testsuite name="CalculatorTest" tests="5" skipped="0" failures="0" errors="0" timestamp="2024-04-21T15:56:30" hostname="MSI" time="0.005">
  <properties/>
  <testcase name="testInvalidOperator()" classname="CalculatorTest" time="0.0"/>
  <testcase name="testMultiplication()" classname="CalculatorTest" time="0.001"/>
  <testcase name="testAddition()" classname="CalculatorTest" time="0.001"/>
  <testcase name="testDivision()" classname="CalculatorTest" time="0.001"/>
  <testcase name="testSubtraction()" classname="CalculatorTest" time="0.001"/>
  <system-out><![CDATA[]]></system-out>
  <system-err><![CDATA[]]></system-err>
</testsuite>
